2024-12-12 13:49:21 INFO  Utils:112 - [TestNG] Running:
  D:\Downloads\OpencartV121-master\OpencartV121-master\master.xml

2024-12-12 13:49:27 INFO  TC001_AccountRegistrationTest:15 - ***** Starting TC001_AccountRegistrationTest  ****
2024-12-12 13:49:27 INFO  TC001_AccountRegistrationTest:21 - Clicked on MyAccount Link.. 
2024-12-12 13:49:27 INFO  TC001_AccountRegistrationTest:24 - Clicked on Register Link.. 
2024-12-12 13:49:27 INFO  TC001_AccountRegistrationTest:28 - Providing customer details...
2024-12-12 13:49:28 INFO  TC001_AccountRegistrationTest:42 - Validating expected message..
2024-12-12 13:49:28 INFO  TC001_AccountRegistrationTest:47 - Test passed
2024-12-12 13:49:28 INFO  TC001_AccountRegistrationTest:56 - ***** Finished TC001_AccountRegistrationTest *****
2024-12-12 13:49:30 INFO  TC002_LoginTest:16 - ****** Startign TC_002_LoginTest *****
2024-12-12 13:52:13 INFO  Utils:112 - [TestNG] Running:
  D:\Downloads\OpencartV121-master\OpencartV121-master\master.xml

2024-12-12 13:52:16 INFO  TC001_AccountRegistrationTest:15 - ***** Starting TC001_AccountRegistrationTest  ****
2024-12-12 13:52:16 INFO  TC001_AccountRegistrationTest:21 - Clicked on MyAccount Link.. 
2024-12-12 13:52:17 INFO  TC001_AccountRegistrationTest:24 - Clicked on Register Link.. 
2024-12-12 13:52:17 INFO  TC001_AccountRegistrationTest:28 - Providing customer details...
2024-12-12 13:52:18 INFO  TC001_AccountRegistrationTest:42 - Validating expected message..
2024-12-12 13:52:18 INFO  TC001_AccountRegistrationTest:47 - Test passed
2024-12-12 13:52:18 INFO  TC001_AccountRegistrationTest:56 - ***** Finished TC001_AccountRegistrationTest *****
2024-12-12 13:52:20 INFO  TC002_LoginTest:16 - ****** Startign TC_002_LoginTest *****
2024-12-12 13:55:32 INFO  Utils:112 - [TestNG] Running:
  D:\Downloads\OpencartV121-master\OpencartV121-master\master.xml

2024-12-12 13:55:35 INFO  TC001_AccountRegistrationTest:15 - ***** Starting TC001_AccountRegistrationTest  ****
2024-12-12 13:55:35 INFO  TC001_AccountRegistrationTest:21 - Clicked on MyAccount Link.. 
2024-12-12 13:55:36 INFO  TC001_AccountRegistrationTest:24 - Clicked on Register Link.. 
2024-12-12 13:55:36 INFO  TC001_AccountRegistrationTest:28 - Providing customer details...
2024-12-12 13:55:38 INFO  TC001_AccountRegistrationTest:42 - Validating expected message..
2024-12-12 13:55:38 INFO  TC001_AccountRegistrationTest:47 - Test passed
2024-12-12 13:55:38 INFO  TC001_AccountRegistrationTest:56 - ***** Finished TC001_AccountRegistrationTest *****
2024-12-12 13:55:41 INFO  TC002_LoginTest:16 - ****** Startign TC_002_LoginTest *****
2024-12-12 14:01:24 INFO  Utils:112 - [TestNG] Running:
  D:\Downloads\OpencartV121-master\OpencartV121-master\master.xml

2024-12-12 14:01:26 INFO  TC001_AccountRegistrationTest:15 - ***** Starting TC001_AccountRegistrationTest  ****
2024-12-12 14:01:27 INFO  TC001_AccountRegistrationTest:21 - Clicked on MyAccount Link.. 
2024-12-12 14:01:27 INFO  TC001_AccountRegistrationTest:24 - Clicked on Register Link.. 
2024-12-12 14:01:27 INFO  TC001_AccountRegistrationTest:28 - Providing customer details...
2024-12-12 14:01:29 INFO  TC001_AccountRegistrationTest:42 - Validating expected message..
2024-12-12 14:01:29 INFO  TC001_AccountRegistrationTest:47 - Test passed
2024-12-12 14:01:29 INFO  TC001_AccountRegistrationTest:56 - ***** Finished TC001_AccountRegistrationTest *****
2024-12-12 14:01:31 INFO  TC002_LoginTest:16 - ****** Startign TC_002_LoginTest *****
2024-12-12 14:03:56 INFO  Utils:112 - [TestNG] Running:
  D:\Downloads\OpencartV121-master\OpencartV121-master\master.xml

2024-12-12 14:03:59 INFO  TC001_AccountRegistrationTest:15 - ***** Starting TC001_AccountRegistrationTest  ****
2024-12-12 14:04:00 INFO  TC001_AccountRegistrationTest:21 - Clicked on MyAccount Link.. 
2024-12-12 14:04:01 INFO  TC001_AccountRegistrationTest:24 - Clicked on Register Link.. 
2024-12-12 14:04:01 INFO  TC001_AccountRegistrationTest:28 - Providing customer details...
2024-12-12 14:04:02 INFO  TC001_AccountRegistrationTest:42 - Validating expected message..
2024-12-12 14:04:12 INFO  TC001_AccountRegistrationTest:56 - ***** Finished TC001_AccountRegistrationTest *****
2024-12-12 14:04:14 INFO  TC002_LoginTest:16 - ****** Startign TC_002_LoginTest *****
2024-12-12 14:05:01 INFO  Utils:112 - [TestNG] Running:
  D:\Downloads\OpencartV121-master\OpencartV121-master\master.xml

2024-12-12 14:05:04 INFO  TC001_AccountRegistrationTest:15 - ***** Starting TC001_AccountRegistrationTest  ****
2024-12-12 14:05:04 INFO  TC001_AccountRegistrationTest:21 - Clicked on MyAccount Link.. 
2024-12-12 14:05:06 INFO  TC001_AccountRegistrationTest:24 - Clicked on Register Link.. 
2024-12-12 14:05:06 INFO  TC001_AccountRegistrationTest:28 - Providing customer details...
2024-12-12 14:05:07 INFO  TC001_AccountRegistrationTest:42 - Validating expected message..
2024-12-12 14:05:17 INFO  TC001_AccountRegistrationTest:56 - ***** Finished TC001_AccountRegistrationTest *****
2024-12-12 14:05:22 INFO  TC002_LoginTest:16 - ****** Startign TC_002_LoginTest *****
2024-12-12 14:52:52 INFO  TC001_AccountRegistrationTest:15 - ***** Starting TC001_AccountRegistrationTest  ****
2024-12-12 14:52:52 INFO  TC001_AccountRegistrationTest:21 - Clicked on MyAccount Link.. 
2024-12-12 14:52:53 INFO  TC001_AccountRegistrationTest:24 - Clicked on Register Link.. 
2024-12-12 14:52:53 INFO  TC001_AccountRegistrationTest:28 - Providing customer details...
2024-12-12 14:52:54 INFO  TC001_AccountRegistrationTest:42 - Validating expected message..
2024-12-12 14:53:04 INFO  TC001_AccountRegistrationTest:56 - ***** Finished TC001_AccountRegistrationTest *****
2024-12-12 14:53:06 INFO  TC002_LoginTest:16 - ****** Startign TC_002_LoginTest *****
2024-12-12 14:54:38 INFO  TC001_AccountRegistrationTest:15 - ***** Starting TC001_AccountRegistrationTest  ****
2024-12-12 14:54:38 INFO  TC001_AccountRegistrationTest:21 - Clicked on MyAccount Link.. 
2024-12-12 14:54:38 INFO  TC001_AccountRegistrationTest:24 - Clicked on Register Link.. 
2024-12-12 14:54:38 INFO  TC001_AccountRegistrationTest:28 - Providing customer details...
2024-12-12 14:54:40 INFO  TC001_AccountRegistrationTest:42 - Validating expected message..
2024-12-12 14:54:40 INFO  TC001_AccountRegistrationTest:47 - Test passed
2024-12-12 14:54:40 INFO  TC001_AccountRegistrationTest:56 - ***** Finished TC001_AccountRegistrationTest *****
2024-12-12 14:54:42 INFO  TC002_LoginTest:16 - ****** Startign TC_002_LoginTest *****
2024-12-12 14:56:24 INFO  TC001_AccountRegistrationTest:15 - ***** Starting TC001_AccountRegistrationTest  ****
2024-12-12 14:56:25 INFO  TC001_AccountRegistrationTest:21 - Clicked on MyAccount Link.. 
2024-12-12 14:56:25 INFO  TC001_AccountRegistrationTest:24 - Clicked on Register Link.. 
2024-12-12 14:56:25 INFO  TC001_AccountRegistrationTest:28 - Providing customer details...
2024-12-12 14:56:27 INFO  TC001_AccountRegistrationTest:42 - Validating expected message..
2024-12-12 14:56:27 INFO  TC001_AccountRegistrationTest:47 - Test passed
2024-12-12 14:56:27 INFO  TC001_AccountRegistrationTest:56 - ***** Finished TC001_AccountRegistrationTest *****
2024-12-12 14:56:29 INFO  TC002_LoginTest:16 - ****** Startign TC_002_LoginTest *****
2024-12-12 14:57:51 INFO  Utils:112 - [Utils] MethodGroupsHelper.collectMethodsByGroup() took 1 ms.
2024-12-12 14:57:51 INFO  Utils:112 - [Utils] MethodGroupsHelper.sortMethods() took 4 ms.
2024-12-12 14:57:51 INFO  Utils:112 - [Utils] MethodGroupsHelper.collectMethodsByGroup() took 0 ms.
2024-12-12 14:57:51 INFO  Utils:112 - [Utils] MethodGroupsHelper.sortMethods() took 0 ms.
2024-12-12 14:57:51 INFO  Utils:112 - [Utils] MethodGroupsHelper.collectMethodsByGroup() took 0 ms.
2024-12-12 14:57:51 INFO  Utils:112 - [Utils] MethodGroupsHelper.sortMethods() took 0 ms.
2024-12-12 14:57:51 INFO  Utils:112 - [Utils] MethodGroupsHelper.collectMethodsByGroup() took 0 ms.
2024-12-12 14:57:51 INFO  Utils:112 - [Utils] MethodGroupsHelper.sortMethods() took 0 ms.
2024-12-12 14:57:51 INFO  Utils:112 - [Utils] MethodGroupsHelper.collectMethodsByGroup() took 6 ms.
2024-12-12 14:57:51 INFO  Utils:112 - [Utils] MethodGroupsHelper.sortMethods() took 10 ms.
2024-12-12 14:57:51 INFO  Utils:112 - [Utils] MethodGroupsHelper.collectMethodsByGroup() took 0 ms.
2024-12-12 14:57:51 INFO  Utils:112 - [Utils] MethodGroupsHelper.sortMethods() took 0 ms.
2024-12-12 14:57:51 INFO  Utils:112 - [Utils] MethodGroupsHelper.collectMethodsByGroup() took 0 ms.
2024-12-12 14:57:51 INFO  Utils:112 - [Utils] MethodGroupsHelper.sortMethods() took 0 ms.
2024-12-12 14:57:51 INFO  Utils:112 - [Utils] MethodGroupsHelper.collectMethodsByGroup() took 0 ms.
2024-12-12 14:57:51 INFO  Utils:112 - [Utils] MethodGroupsHelper.sortMethods() took 0 ms.
2024-12-12 14:57:51 INFO  Utils:112 - [Utils] MethodGroupsHelper.collectMethodsByGroup() took 0 ms.
2024-12-12 14:57:51 INFO  Utils:112 - [Utils] MethodGroupsHelper.sortMethods() took 0 ms.
2024-12-12 14:57:51 INFO  Utils:112 - [Utils] MethodGroupsHelper.collectMethodsByGroup() took 0 ms.
2024-12-12 14:57:51 INFO  Utils:112 - [Utils] MethodGroupsHelper.sortMethods() took 0 ms.
2024-12-12 14:57:51 INFO  Utils:112 - [Utils] MethodGroupsHelper.collectMethodsByGroup() took 0 ms.
2024-12-12 14:57:51 INFO  Utils:112 - [Utils] MethodGroupsHelper.sortMethods() took 0 ms.
2024-12-12 14:57:51 INFO  Utils:112 - [Utils] MethodGroupsHelper.collectMethodsByGroup() took 0 ms.
2024-12-12 14:57:51 INFO  Utils:112 - [Utils] MethodGroupsHelper.sortMethods() took 0 ms.
2024-12-12 14:57:51 INFO  Utils:112 - [Utils] MethodGroupsHelper.collectMethodsByGroup() took 0 ms.
2024-12-12 14:57:51 INFO  Utils:112 - [Utils] MethodGroupsHelper.sortMethods() took 0 ms.
2024-12-12 14:57:51 INFO  Utils:112 - [Utils] MethodGroupsHelper.collectMethodsByGroup() took 0 ms.
2024-12-12 14:57:51 INFO  Utils:112 - [Utils] MethodGroupsHelper.sortMethods() took 0 ms.
2024-12-12 14:57:51 INFO  Utils:112 - [Utils] MethodGroupsHelper.collectMethodsByGroup() took 0 ms.
2024-12-12 14:57:51 INFO  Utils:112 - [Utils] MethodGroupsHelper.sortMethods() took 0 ms.
2024-12-12 14:57:51 INFO  Utils:112 - [TestNG] Running:
  C:\Users\bhara\AppData\Local\Temp\testng-eclipse-173723084\testng-customsuite.xml

2024-12-12 14:57:51 INFO  Utils:112 - [Utils] DynamicGraphHelper.createDynamicGraph() took 6 ms.
2024-12-12 14:57:51 INFO  Utils:112 - [TestNG] Time taken by org.testng.reporters.SuiteHTMLReporter@10650953: 29 ms
2024-12-12 14:57:51 INFO  Utils:112 - [TestNG] Time taken by org.testng.reporters.jq.Main@119f1f2a: 68 ms
2024-12-12 14:57:51 INFO  Utils:112 - [TestNG] Time taken by org.testng.reporters.FailedReporter@4b85880b: 14 ms
2024-12-12 14:57:51 INFO  Utils:112 - [TestNG] Time taken by org.testng.reporters.XMLReporter@5e8f9e2d: 19 ms
2024-12-12 14:57:51 INFO  Utils:112 - [TestNG] Time taken by org.testng.reporters.EmailableReporter2@89ff02e: 19 ms
2024-12-12 14:57:51 INFO  Utils:112 - [TestNG] Time taken by org.testng.reporters.JUnitReportReporter@2b58f754: 15 ms
2024-12-12 14:57:51 INFO  Utils:112 - [TestNG] Time taken by org.testng.internal.ExitCodeListener@3ebff828: 0 ms
2024-12-12 14:59:11 INFO  Utils:112 - [TestNG] Running:
  D:\Downloads\OpencartV121-master\OpencartV121-master\master.xml

2024-12-12 14:59:14 INFO  TC001_AccountRegistrationTest:15 - ***** Starting TC001_AccountRegistrationTest  ****
2024-12-12 14:59:14 INFO  TC001_AccountRegistrationTest:21 - Clicked on MyAccount Link.. 
2024-12-12 14:59:15 INFO  TC001_AccountRegistrationTest:24 - Clicked on Register Link.. 
2024-12-12 14:59:15 INFO  TC001_AccountRegistrationTest:28 - Providing customer details...
2024-12-12 14:59:16 INFO  TC001_AccountRegistrationTest:42 - Validating expected message..
2024-12-12 14:59:16 INFO  TC001_AccountRegistrationTest:47 - Test passed
2024-12-12 14:59:16 INFO  TC001_AccountRegistrationTest:56 - ***** Finished TC001_AccountRegistrationTest *****
2024-12-12 14:59:18 INFO  TC002_LoginTest:16 - ****** Startign TC_002_LoginTest *****
2024-12-12 15:00:35 INFO  Utils:112 - [TestNG] Running:
  D:\Downloads\OpencartV121-master\OpencartV121-master\master.xml

2024-12-12 15:00:40 INFO  TC001_AccountRegistrationTest:15 - ***** Starting TC001_AccountRegistrationTest  ****
2024-12-12 15:00:40 INFO  TC001_AccountRegistrationTest:21 - Clicked on MyAccount Link.. 
2024-12-12 15:00:41 INFO  TC001_AccountRegistrationTest:24 - Clicked on Register Link.. 
2024-12-12 15:00:41 INFO  TC001_AccountRegistrationTest:28 - Providing customer details...
2024-12-12 15:00:43 INFO  TC001_AccountRegistrationTest:42 - Validating expected message..
2024-12-12 15:00:43 INFO  TC001_AccountRegistrationTest:47 - Test passed
2024-12-12 15:00:43 INFO  TC001_AccountRegistrationTest:56 - ***** Finished TC001_AccountRegistrationTest *****
2024-12-12 15:00:45 INFO  TC002_LoginTest:16 - ****** Startign TC_002_LoginTest *****
2024-12-12 15:03:12 INFO  Utils:112 - [TestNG] Running:
  D:\Downloads\OpencartV121-master\OpencartV121-master\master.xml

2024-12-12 15:03:15 INFO  TC001_AccountRegistrationTest:15 - ***** Starting TC001_AccountRegistrationTest  ****
2024-12-12 15:03:16 INFO  TC001_AccountRegistrationTest:21 - Clicked on MyAccount Link.. 
2024-12-12 15:03:16 INFO  TC001_AccountRegistrationTest:24 - Clicked on Register Link.. 
2024-12-12 15:03:16 INFO  TC001_AccountRegistrationTest:28 - Providing customer details...
2024-12-12 15:03:18 INFO  TC001_AccountRegistrationTest:42 - Validating expected message..
2024-12-12 15:03:18 INFO  TC001_AccountRegistrationTest:47 - Test passed
2024-12-12 15:03:18 INFO  TC001_AccountRegistrationTest:56 - ***** Finished TC001_AccountRegistrationTest *****
2024-12-12 15:03:22 INFO  TC002_LoginTest:16 - ****** Startign TC_002_LoginTest *****
2024-12-12 15:03:47 INFO  Utils:112 - [TestNG] Running:
  D:\Downloads\OpencartV121-master\OpencartV121-master\master.xml

2024-12-12 15:03:50 INFO  TC001_AccountRegistrationTest:15 - ***** Starting TC001_AccountRegistrationTest  ****
2024-12-12 15:03:50 INFO  TC001_AccountRegistrationTest:21 - Clicked on MyAccount Link.. 
2024-12-12 15:03:51 INFO  TC001_AccountRegistrationTest:24 - Clicked on Register Link.. 
2024-12-12 15:03:51 INFO  TC001_AccountRegistrationTest:28 - Providing customer details...
2024-12-12 15:03:52 INFO  TC001_AccountRegistrationTest:42 - Validating expected message..
2024-12-12 15:03:52 INFO  TC001_AccountRegistrationTest:47 - Test passed
2024-12-12 15:03:52 INFO  TC001_AccountRegistrationTest:56 - ***** Finished TC001_AccountRegistrationTest *****
2024-12-12 15:03:54 INFO  TC002_LoginTest:16 - ****** Startign TC_002_LoginTest *****
2024-12-12 15:05:41 INFO  Utils:112 - [TestNG] Running:
  D:\Downloads\OpencartV121-master\OpencartV121-master\master.xml

2024-12-12 15:05:48 INFO  TC001_AccountRegistrationTest:15 - ***** Starting TC001_AccountRegistrationTest  ****
2024-12-12 15:05:48 INFO  TC001_AccountRegistrationTest:21 - Clicked on MyAccount Link.. 
2024-12-12 15:05:50 INFO  TC001_AccountRegistrationTest:24 - Clicked on Register Link.. 
2024-12-12 15:05:50 INFO  TC001_AccountRegistrationTest:28 - Providing customer details...
2024-12-12 15:05:52 INFO  TC001_AccountRegistrationTest:42 - Validating expected message..
2024-12-12 15:05:52 INFO  TC001_AccountRegistrationTest:47 - Test passed
2024-12-12 15:05:52 INFO  TC001_AccountRegistrationTest:56 - ***** Finished TC001_AccountRegistrationTest *****
2024-12-12 15:05:54 INFO  TC002_LoginTest:16 - ****** Startign TC_002_LoginTest *****
2024-12-12 15:07:11 INFO  Utils:112 - [TestNG] Running:
  D:\Downloads\OpencartV121-master\OpencartV121-master\master.xml

2024-12-12 15:09:20 INFO  Utils:112 - [TestNG] Running:
  D:\Downloads\OpencartV121-master\OpencartV121-master\master.xml

2024-12-12 15:09:26 INFO  TC001_AccountRegistrationTest:15 - ***** Starting TC001_AccountRegistrationTest  ****
2024-12-12 15:09:27 INFO  TC001_AccountRegistrationTest:21 - Clicked on MyAccount Link.. 
2024-12-12 15:09:27 INFO  TC001_AccountRegistrationTest:24 - Clicked on Register Link.. 
2024-12-12 15:09:27 INFO  TC001_AccountRegistrationTest:28 - Providing customer details...
2024-12-12 15:09:28 INFO  TC001_AccountRegistrationTest:42 - Validating expected message..
2024-12-12 15:09:38 INFO  TC001_AccountRegistrationTest:56 - ***** Finished TC001_AccountRegistrationTest *****
2024-12-12 15:09:40 INFO  TC002_LoginTest:16 - ****** Startign TC_002_LoginTest *****
2024-12-12 15:11:58 INFO  Utils:112 - [TestNG] Running:
  D:\Downloads\OpencartV121-master\OpencartV121-master\master.xml

2024-12-12 15:12:01 INFO  TC001_AccountRegistrationTest:15 - ***** Starting TC001_AccountRegistrationTest  ****
2024-12-12 15:12:02 INFO  TC001_AccountRegistrationTest:21 - Clicked on MyAccount Link.. 
2024-12-12 15:12:02 INFO  TC001_AccountRegistrationTest:24 - Clicked on Register Link.. 
2024-12-12 15:12:02 INFO  TC001_AccountRegistrationTest:28 - Providing customer details...
2024-12-12 15:12:04 INFO  TC001_AccountRegistrationTest:42 - Validating expected message..
2024-12-12 15:12:04 INFO  TC001_AccountRegistrationTest:47 - Test passed
2024-12-12 15:12:04 INFO  TC001_AccountRegistrationTest:56 - ***** Finished TC001_AccountRegistrationTest *****
2024-12-12 15:12:06 INFO  TC002_LoginTest:16 - ****** Startign TC_002_LoginTest *****
2024-12-12 15:13:49 INFO  Utils:112 - [TestNG] Running:
  D:\Downloads\OpencartV121-master\OpencartV121-master\master.xml

2024-12-12 15:13:52 INFO  TC001_AccountRegistrationTest:15 - ***** Starting TC001_AccountRegistrationTest  ****
2024-12-12 15:13:52 INFO  TC001_AccountRegistrationTest:21 - Clicked on MyAccount Link.. 
2024-12-12 15:13:53 INFO  TC001_AccountRegistrationTest:24 - Clicked on Register Link.. 
2024-12-12 15:13:53 INFO  TC001_AccountRegistrationTest:28 - Providing customer details...
2024-12-12 15:13:54 INFO  TC001_AccountRegistrationTest:42 - Validating expected message..
2024-12-12 15:13:54 INFO  TC001_AccountRegistrationTest:47 - Test passed
2024-12-12 15:13:54 INFO  TC001_AccountRegistrationTest:56 - ***** Finished TC001_AccountRegistrationTest *****
2024-12-12 15:13:56 INFO  TC002_LoginTest:16 - ****** Startign TC_002_LoginTest *****
2024-12-12 15:14:36 INFO  Utils:112 - [TestNG] Running:
  D:\Downloads\OpencartV121-master\OpencartV121-master\master.xml

2024-12-12 15:14:39 INFO  TC001_AccountRegistrationTest:15 - ***** Starting TC001_AccountRegistrationTest  ****
2024-12-12 15:14:39 INFO  TC001_AccountRegistrationTest:21 - Clicked on MyAccount Link.. 
2024-12-12 15:14:40 INFO  TC001_AccountRegistrationTest:24 - Clicked on Register Link.. 
2024-12-12 15:14:40 INFO  TC001_AccountRegistrationTest:28 - Providing customer details...
2024-12-12 15:14:41 INFO  TC001_AccountRegistrationTest:42 - Validating expected message..
2024-12-12 15:14:41 INFO  TC001_AccountRegistrationTest:47 - Test passed
2024-12-12 15:14:41 INFO  TC001_AccountRegistrationTest:56 - ***** Finished TC001_AccountRegistrationTest *****
2024-12-12 15:14:48 INFO  TC002_LoginTest:16 - ****** Startign TC_002_LoginTest *****
2024-12-12 15:14:50 INFO  TC002_LoginTest:41 - ****** Finished TC_002_LoginTest *****
